
2021-06-09 16:50:59.901464 WARNING : Warning wpis do logu
2021-06-09 16:50:59.901591 CRITICAL : Critical wpis do logu
2021-06-09 16:51:02.226205 INFO : Info wpis do logu
2021-06-09 16:51:02.226380 WARNING : Warning wpis do logu
2021-06-09 16:51:02.226468 CRITICAL : Critical wpis do logu
2021-06-09 17:35:24.147290 INFO : Zarejestrowano użytkownika: tomasz
2021-06-09 17:51:23.101128 INFO : Zalogowano użytkownika klasycznie: admin
2021-06-09 17:57:42.469486 INFO : Błędna próba logowania
2021-06-09 17:59:56.570779 INFO : Błędna próba logowania
2021-06-09 18:00:08.266981 INFO : Błędna próba logowania
2021-06-09 18:02:11.704794 INFO : Błędna próba logowania 
2021-06-09 18:02:36.748150 INFO : Redirect przy logowaniu OAuthGoogle...
2021-06-09 18:02:42.092447 INFO : Zalogowano użytkownika poprzez OAuth: Jędrzej
2021-06-09 18:02:59.976212 INFO : Redirect przy logowaniu OAuthGoogle...
2021-06-09 18:03:03.933012 INFO : Zalogowano użytkownika poprzez OAuth: Jędrzej
2021-06-09 18:05:28.351637 INFO : Błędna próba logowania 
2021-06-09 18:11:51.910075 INFO : Zalogowano użytkownika klasycznie: admin
2021-06-09 18:12:51.877664 INFO : Zalogowano użytkownika klasycznie: admin
2021-06-09 18:14:28.610671 INFO : Zalogowano użytkownika klasycznie: admin
2021-06-09 18:14:34.659252 INFO : Wylogowano użytkownika klasycznie
2021-06-09 18:14:43.120202 INFO : Zalogowano użytkownika klasycznie: admin
2021-06-09 18:15:40.486311 INFO : Zalogowano użytkownika klasycznie: admin
2021-06-09 18:15:52.562330 INFO : Zalogowano użytkownika klasycznie: admin
2021-06-09 18:15:58.909810 INFO : Zalogowano użytkownika klasycznie: admin
2021-06-09 18:16:15.276367 INFO : Zalogowano użytkownika klasycznie: admin
2021-06-09 18:17:10.789654 INFO : Zalogowano użytkownika klasycznie: admin
2021-06-09 18:18:49.293836 INFO : Zalogowano użytkownika klasycznie: admin
2021-06-09 18:18:57.062970 INFO : Wylogowano użytkownika klasycznie
2021-06-09 18:19:03.690484 INFO : Zalogowano użytkownika klasycznie: tomasz
2021-06-09 18:21:03.396934 INFO : Zalogowano użytkownika klasycznie: tomasz
2021-06-09 18:21:44.783630 INFO : Zalogowano użytkownika klasycznie: tomasz
2021-06-09 18:22:04.187930 INFO : Zalogowano użytkownika klasycznie: tomasz
2021-06-09 18:28:29.709851 WARNING : Błędna próba logowania 
2021-06-09 18:28:46.444375 WARNING : Błędna próba logowania zed
2021-06-09 18:28:51.353440 WARNING : Błędna próba logowania zed
2021-06-09 18:29:01.808006 INFO : Redirect przy logowaniu OAuthGoogle...
2021-06-09 18:29:07.278519 INFO : Zalogowano użytkownika poprzez OAuth: Hazel
2021-06-09 18:29:28.767354 INFO : Redirect przy logowaniu OAuthGoogle...
2021-06-09 18:29:31.185395 INFO : Zalogowano użytkownika poprzez OAuth: Hazel
2021-06-09 18:29:34.895082 INFO : Wylogowano użytkownika klasycznie
2021-06-09 18:58:11.768527 WARNING : Błędna próba logowania david
2021-06-09 18:58:34.845169 INFO : Zarejestrowano użytkownika: david
2021-06-09 18:58:39.460656 INFO : Zalogowano użytkownika klasycznie: david
2021-06-09 18:58:39.460987 WARNING : Błędna próba logowania: david
2021-06-09 18:58:44.489664 INFO : Zalogowano użytkownika klasycznie: david
2021-06-09 18:59:25.705073 INFO : Zalogowano użytkownika klasycznie: david
2021-06-09 19:04:23.880979 INFO : Redirect przy logowaniu OAuthGoogle...
2021-06-09 19:06:21.584871 INFO : Zalogowano użytkownika poprzez OAuth: Hazel
2021-06-09 19:06:46.046365 INFO : Wylogowano użytkownika klasycznie
2021-06-09 19:06:49.870715 INFO : Redirect przy logowaniu OAuthGoogle...
2021-06-09 19:06:54.666237 INFO : Zalogowano użytkownika poprzez OAuth: Jędrzej
2021-06-09 19:10:11.280477 INFO : Zalogowano użytkownika klasycznie: admin
2021-06-10 06:31:17.719235 INFO : Zalogowano użytkownika klasycznie: tomasz
2021-06-10 06:40:02.916214 INFO : Zalogowano użytkownika klasycznie: admin
2021-06-10 06:40:33.193882 INFO : Zalogowano użytkownika klasycznie: admin
2021-06-10 06:41:10.906137 INFO : Zalogowano użytkownika klasycznie: admin
2021-06-10 06:42:58.505052 INFO : Zalogowano użytkownika klasycznie: admin
2021-06-10 06:44:06.377716 INFO : Zalogowano użytkownika klasycznie: admin
2021-06-10 06:44:29.073771 INFO : Zalogowano użytkownika klasycznie: admin
2021-06-10 06:44:53.278027 INFO : Zalogowano użytkownika klasycznie: admin
2021-06-10 06:45:08.838715 INFO : Zalogowano użytkownika klasycznie: admin
2021-06-10 06:45:26.224555 INFO : Zalogowano użytkownika klasycznie: admin
2021-06-10 06:47:14.505666 INFO : Zalogowano użytkownika klasycznie: admin
2021-06-10 06:47:37.095483 INFO : Zalogowano użytkownika klasycznie: admin
2021-06-10 06:48:27.086559 INFO : Zalogowano użytkownika klasycznie: admin
2021-06-10 06:48:29.877714 INFO : Zalogowano użytkownika klasycznie: admin
2021-06-10 06:48:36.693661 INFO : Zalogowano użytkownika klasycznie: admin
2021-06-10 06:49:11.801423 INFO : Zalogowano użytkownika klasycznie: admin
2021-06-10 06:49:27.785152 INFO : Zalogowano użytkownika klasycznie: admin
2021-06-10 06:50:01.478063 INFO : Zalogowano użytkownika klasycznie: admin
2021-06-10 06:52:06.601905 INFO : Zalogowano użytkownika klasycznie: admin
2021-06-10 06:53:20.789059 INFO : Zalogowano użytkownika klasycznie: admin
2021-06-10 06:54:52.072585 INFO : Zalogowano użytkownika klasycznie: admin
2021-06-10 06:55:55.891832 INFO : Zalogowano użytkownika klasycznie: admin
2021-06-10 06:56:14.111610 INFO : Zalogowano użytkownika klasycznie: admin
2021-06-10 06:56:33.798191 INFO : Zalogowano użytkownika klasycznie: admin
2021-06-10 06:56:54.991261 INFO : Zalogowano użytkownika klasycznie: admin
2021-06-10 06:57:08.786938 INFO : Zalogowano użytkownika klasycznie: admin
2021-06-10 07:01:35.516030 INFO : Zalogowano użytkownika klasycznie: admin
2021-06-10 07:04:42.125446 INFO : Zalogowano użytkownika klasycznie: admin
2021-06-10 07:05:17.798530 INFO : Zalogowano użytkownika klasycznie: admin
2021-06-10 07:05:33.180163 INFO : Zalogowano użytkownika klasycznie: admin
2021-06-10 07:06:27.871990 INFO : Zalogowano użytkownika klasycznie: admin
2021-06-10 07:06:54.029650 INFO : Zalogowano użytkownika klasycznie: admin
2021-06-10 07:07:25.114595 INFO : Zalogowano użytkownika klasycznie: admin
2021-06-10 07:07:37.711064 INFO : Zalogowano użytkownika klasycznie: admin
2021-06-10 07:07:55.068667 INFO : Zalogowano użytkownika klasycznie: admin
2021-06-10 07:08:05.145780 INFO : Zalogowano użytkownika klasycznie: admin
2021-06-10 07:10:36.715925 INFO : Zalogowano użytkownika klasycznie: admin
2021-06-10 07:11:40.054282 INFO : Zalogowano użytkownika klasycznie: admin
2021-06-10 07:12:02.428437 INFO : Zalogowano użytkownika klasycznie: admin
2021-06-10 07:12:24.113402 INFO : Zalogowano użytkownika klasycznie: admin
2021-06-10 07:13:03.686034 INFO : Zalogowano użytkownika klasycznie: admin
2021-06-10 07:13:12.139574 INFO : Zalogowano użytkownika klasycznie: admin
2021-06-10 07:13:45.188429 INFO : Zalogowano użytkownika klasycznie: admin
2021-06-10 07:14:19.344143 INFO : Zalogowano użytkownika klasycznie: admin
2021-06-10 07:14:53.921994 INFO : Zalogowano użytkownika klasycznie: admin
2021-06-10 07:15:08.889866 INFO : Zalogowano użytkownika klasycznie: admin
2021-06-10 07:16:39.099511 INFO : Zalogowano użytkownika klasycznie: admin
2021-06-10 07:33:16.956240 INFO : Zalogowano użytkownika klasycznie: admin
2021-06-10 07:33:24.932540 INFO : Info wpis do logu
2021-06-10 07:33:24.932850 WARNING : Warning wpis do logu
2021-06-10 07:33:24.932951 CRITICAL : Critical wpis do logu
2021-06-10 07:33:28.086045 INFO : Zalogowano użytkownika klasycznie: admin
2021-06-10 07:34:10.975653 INFO : Zalogowano użytkownika klasycznie: admin
2021-06-10 08:07:20.950756 INFO : Zalogowano użytkownika klasycznie: admin
2021-06-10 08:08:08.378492 INFO : Zalogowano użytkownika klasycznie: admin
2021-06-10 08:09:12.596291 INFO : Zalogowano użytkownika klasycznie: admin
2021-06-10 08:10:50.737212 INFO : Zalogowano użytkownika klasycznie: admin
2021-06-10 08:14:24.605544 INFO : Zalogowano użytkownika klasycznie: admin
2021-06-10 08:15:18.481900 INFO : Zalogowano użytkownika klasycznie: admin
2021-06-10 08:15:35.494028 INFO : Zalogowano użytkownika klasycznie: admin
2021-06-10 08:18:46.024169 INFO : Zalogowano użytkownika klasycznie: admin
2021-06-10 08:19:08.460410 INFO : Zalogowano użytkownika klasycznie: admin
2021-06-10 08:19:25.028309 INFO : Zalogowano użytkownika klasycznie: admin
2021-06-10 08:20:32.474031 INFO : Zalogowano użytkownika klasycznie: admin
2021-06-10 08:20:46.841803 INFO : Zalogowano użytkownika klasycznie: admin
2021-06-10 08:21:29.605660 INFO : Zalogowano użytkownika klasycznie: admin
2021-06-10 08:21:32.015861 INFO : Wylogowano użytkownika klasycznie
2021-06-10 08:21:37.002664 INFO : Redirect przy logowaniu OAuthGoogle...
2021-06-10 08:21:37.613288 INFO : Zalogowano użytkownika poprzez OAuth: Jędrzej
2021-06-10 08:22:11.825309 INFO : Zarejestrowano użytkownika: gekas
2021-06-10 08:22:18.824321 INFO : Zalogowano użytkownika klasycznie: gekas
2021-06-10 08:22:33.649860 INFO : Wylogowano użytkownika klasycznie
